The ``3-say_my_name`` module
============================

How to use 3-say_my_name.py

============================
Has only one function called ``say_my_name`` which prints out the first and last
names passed as arguments.

Arguments have to be of the data type str otherwise raise a TypeError.

Calling the function:
>>> say_my_name = __import__('3-say_my_name').say_my_name


Checking for string arguments passed:
>>> say_my_name("string", "string")
My name is string string


Checking for non-string arguments passed:
>>> say_my_name(7, "string")
Traceback (most recent call last):
TypeError: first_name must be a string

>>> say_my_name("string", 7)
Traceback (most recent call last):
TypeError: last_name must be a string

>>> say_my_name(7, 7)
Traceback (most recent call last):
TypeError: first_name must be a string

>>> say_my_name(7.5, "string")
Traceback (most recent call last):
TypeError: first_name must be a string

>>> say_my_name("string", 7.5)
Traceback (most recent call last):
TypeError: last_name must be a string

>>> say_my_name(7.5, 7.5)
Traceback (most recent call last):
TypeError: first_name must be a string

>>> say_my_name(True, "string")
Traceback (most recent call last):
TypeError: first_name must be a string

>>> say_my_name("string", True)
Traceback (most recent call last):
TypeError: last_name must be a string

>>> say_my_name(True, False)
Traceback (most recent call last):
TypeError: first_name must be a string


Checking for string passed with no quotations:
>>> say_my_name(string, "strings")
Traceback (most recent call last):
NameError: name 'string' is not defined

>>> say_my_name("string", strings)
Traceback (most recent call last):
NameError: name 'strings' is not defined

>>> say_my_name(string, strings)
Traceback (most recent call last):
NameError: name 'string' is not defined


Checking for one argument passed:
>>> say_my_name("string") #doctest: +NORMALIZE_WHITESPACE
My name is string


Checking for zero arguments passed:
>>> say_my_name()
Traceback (most recent call last):
TypeError: say_my_name() missing 1 required positional argument: 'first_name'
